[debug] [2019-10-03T21:20:46.137Z] ----------------------------------------------------------------------
[debug] [2019-10-03T21:20:46.142Z] Command:       C:\Program Files\nodejs\node.exe C:\Users\elive\AppData\Roaming\npm\node_modules\firebase-tools\lib\bin\firebase.js serve
[debug] [2019-10-03T21:20:46.143Z] CLI Version:   6.7.2
[debug] [2019-10-03T21:20:46.143Z] Platform:      win32
[debug] [2019-10-03T21:20:46.143Z] Node Version:  v10.15.3
[debug] [2019-10-03T21:20:46.156Z] Time:          Thu Oct 03 2019 16:20:46 GMT-0500 (Central Daylight Time)
[debug] [2019-10-03T21:20:46.156Z] ----------------------------------------------------------------------
[debug] 
[debug] [2019-10-03T21:20:46.188Z] > command requires scopes: ["email","openid","https://www.googleapis.com/auth/cloudplatformprojects.readonly","https://www.googleapis.com/auth/firebase","https://www.googleapis.com/auth/cloud-platform"]
[debug] [2019-10-03T21:20:46.190Z] > authorizing via signed-in user
[debug] [2019-10-03T21:20:46.190Z] [iam] checking project wifipower-5aa8a for permissions ["firebase.projects.get"]
[debug] [2019-10-03T21:20:46.196Z] >>> HTTP REQUEST POST https://cloudresourcemanager.googleapis.com/v1/projects/wifipower-5aa8a:testIamPermissions  

[debug] [2019-10-03T21:20:46.540Z] <<< HTTP RESPONSE 200
[debug] [2019-10-03T21:20:46.555Z] >>> HTTP REQUEST GET https://cloudresourcemanager.googleapis.com/v1/projects/wifipower-5aa8a  
 
[debug] [2019-10-03T21:20:46.743Z] <<< HTTP RESPONSE 200
[info] 
[info] === Serving from 'C:\Users\elive'...
[info] 
[debug] [2019-10-03T21:20:46.773Z] >>> HTTP REQUEST GET https://mobilesdk-pa.googleapis.com/v1/projects/190934638088/clients/_:getWebAppConfig  
 
[debug] [2019-10-03T21:20:47.341Z] <<< HTTP RESPONSE 200
[info] i  hosting: Serving hosting files from: y
[info] +  hosting: Local server: http://localhost:5000
